<?xml version="1.0" encoding="UTF-8"?>
<!-- Generated by org.testng.reporters.JUnitXMLReporter -->
<testsuite hostname="LAPTOP-BPI9200A" ignored="0" name="Login Test" tests="3" failures="0" timestamp="2022-12-11T23:07:33 GMT" time="15.244" errors="0">
  <testcase name="UserShouldLoginSuccessfullyWithValidCredentials" time="0.586" classname="com.herokuapp.testsuite.LoginPageTest"/>
  <testcase name="verifyThePasswordErrorMessage" time="0.752" classname="com.herokuapp.testsuite.LoginPageTest"/>
  <testcase name="verifyTheUsernameErrorMessage" time="0.661" classname="com.herokuapp.testsuite.LoginPageTest"/>
</testsuite> <!-- Login Test -->
